<?xml version="1.0" encoding="UTF-8"?>
<!-- Generated by org.testng.reporters.JUnitReportReporter -->
<testsuite hostname="ADMINIB-BVCJIJO" name="com.test.selenium.jenkins.TestSeleniumWithJenkins" tests="1" failures="0" timestamp="14 Sep 2016 21:34:46 GMT" time="0.006" errors="0">
  <testcase name="testSelwithJenkins" time="0.006" classname="com.test.selenium.jenkins.TestSeleniumWithJenkins"/>
</testsuite> <!-- com.test.selenium.jenkins.TestSeleniumWithJenkins -->
